::1 - - [27/Apr/2019:00:20:38 +0100] "GET /index.php HTTP/1.1" 200 1228 "-" "Mozilla/5.0 (Windows NT 10.0; Win64; x64) AppleWebKit/537.36 (KHTML, like Gecko) Chrome/71.0.3578.98 Safari/537.36 OPR/58.0.3135.127"
::1 - - [27/Apr/2019:00:20:40 +0100] "GET /css/style.css HTTP/1.1" 200 735 "http://localhost:81/index.php" "Mozilla/5.0 (Windows NT 10.0; Win64; x64) AppleWebKit/537.36 (KHTML, like Gecko) Chrome/71.0.3578.98 Safari/537.36 OPR/58.0.3135.127"
::1 - - [27/Apr/2019:00:20:40 +0100] "GET /images/logo.png HTTP/1.1" 200 28212 "http://localhost:81/index.php" "Mozilla/5.0 (Windows NT 10.0; Win64; x64) AppleWebKit/537.36 (KHTML, like Gecko) Chrome/71.0.3578.98 Safari/537.36 OPR/58.0.3135.127"
::1 - - [27/Apr/2019:00:20:40 +0100] "GET /images/padlock2.gif HTTP/1.1" 200 1144 "http://localhost:81/index.php" "Mozilla/5.0 (Windows NT 10.0; Win64; x64) AppleWebKit/537.36 (KHTML, like Gecko) Chrome/71.0.3578.98 Safari/537.36 OPR/58.0.3135.127"
::1 - - [27/Apr/2019:00:20:40 +0100] "GET /images/branding_bg.png HTTP/1.1" 200 2889 "http://localhost:81/css/style.css" "Mozilla/5.0 (Windows NT 10.0; Win64; x64) AppleWebKit/537.36 (KHTML, like Gecko) Chrome/71.0.3578.98 Safari/537.36 OPR/58.0.3135.127"
::1 - - [27/Apr/2019:00:20:40 +0100] "GET /favicon.ico HTTP/1.1" 200 584 "http://localhost:81/index.php" "Mozilla/5.0 (Windows NT 10.0; Win64; x64) AppleWebKit/537.36 (KHTML, like Gecko) Chrome/71.0.3578.98 Safari/537.36 OPR/58.0.3135.127"
::1 - - [27/Apr/2019:00:20:42 +0100] "GET /us_splash/index.php HTTP/1.1" 200 1466 "-" "Mozilla/5.0 (Windows NT 10.0; Win64; x64) AppleWebKit/537.36 (KHTML, like Gecko) Chrome/71.0.3578.98 Safari/537.36 OPR/58.0.3135.127"
::1 - - [27/Apr/2019:00:20:44 +0100] "GET /us_splash/css/style.css HTTP/1.1" 200 749 "http://localhost:81/us_splash/index.php" "Mozilla/5.0 (Windows NT 10.0; Win64; x64) AppleWebKit/537.36 (KHTML, like Gecko) Chrome/71.0.3578.98 Safari/537.36 OPR/58.0.3135.127"
::1 - - [27/Apr/2019:00:20:44 +0100] "GET /us_splash/images/logo.png HTTP/1.1" 200 28212 "http://localhost:81/us_splash/index.php" "Mozilla/5.0 (Windows NT 10.0; Win64; x64) AppleWebKit/537.36 (KHTML, like Gecko) Chrome/71.0.3578.98 Safari/537.36 OPR/58.0.3135.127"
::1 - - [27/Apr/2019:00:20:44 +0100] "GET /us_splash/images/branding_bg.png HTTP/1.1" 200 2889 "http://localhost:81/us_splash/css/style.css" "Mozilla/5.0 (Windows NT 10.0; Win64; x64) AppleWebKit/537.36 (KHTML, like Gecko) Chrome/71.0.3578.98 Safari/537.36 OPR/58.0.3135.127"
::1 - - [28/Apr/2019:22:45:09 +0100] "GET / HTTP/1.1" 200 1262 "-" "Mozilla/5.0 (Windows NT 10.0; Win64; x64) AppleWebKit/537.36 (KHTML, like Gecko) Chrome/71.0.3578.98 Safari/537.36 OPR/58.0.3135.127"
::1 - - [28/Apr/2019:22:45:09 +0100] "GET /us_opt1/index.php HTTP/1.1" 200 11777 "-" "Mozilla/5.0 (Windows NT 10.0; Win64; x64) AppleWebKit/537.36 (KHTML, like Gecko) Chrome/71.0.3578.98 Safari/537.36 OPR/58.0.3135.127"
::1 - - [28/Apr/2019:22:45:27 +0100] "GET /us_opt1/index.php HTTP/1.1" 200 11718 "-" "Mozilla/5.0 (Windows NT 10.0; Win64; x64) AppleWebKit/537.36 (KHTML, like Gecko) Chrome/71.0.3578.98 Safari/537.36 OPR/58.0.3135.127"
::1 - - [28/Apr/2019:22:45:29 +0100] "GET /us_opt1/js/codemirror/lib/codemirror.css?v=4.6.6 HTTP/1.1" 200 2402 "-" "Mozilla/5.0 (Windows NT 10.0; Win64; x64) AppleWebKit/537.36 (KHTML, like Gecko) Chrome/71.0.3578.98 Safari/537.36 OPR/58.0.3135.127"
::1 - - [28/Apr/2019:22:45:29 +0100] "GET /us_opt1/js/codemirror/addon/hint/show-hint.css?v=4.6.6 HTTP/1.1" 200 336 "-" "Mozilla/5.0 (Windows NT 10.0; Win64; x64) AppleWebKit/537.36 (KHTML, like Gecko) Chrome/71.0.3578.98 Safari/537.36 OPR/58.0.3135.127"
::1 - - [28/Apr/2019:22:45:29 +0100] "GET /us_opt1/js/codemirror/addon/lint/lint.css?v=4.6.6 HTTP/1.1" 200 1285 "-" "Mozilla/5.0 (Windows NT 10.0; Win64; x64) AppleWebKit/537.36 (KHTML, like Gecko) Chrome/71.0.3578.98 Safari/537.36 OPR/58.0.3135.127"
::1 - - [28/Apr/2019:22:45:29 +0100] "GET /us_opt1/themes/pmahomme/jquery/jquery-ui-1.11.4.css HTTP/1.1" 200 8021 "-" "Mozilla/5.0 (Windows NT 10.0; Win64; x64) AppleWebKit/537.36 (KHTML, like Gecko) Chrome/71.0.3578.98 Safari/537.36 OPR/58.0.3135.127"
::1 - - [28/Apr/2019:22:45:29 +0100] "GET /us_opt1/phpmyadmin.css.php?nocache=5905452430ltr HTTP/1.1" 200 20070 "-" "Mozilla/5.0 (Windows NT 10.0; Win64; x64) AppleWebKit/537.36 (KHTML, like Gecko) Chrome/71.0.3578.98 Safari/537.36 OPR/58.0.3135.127"
::1 - - [28/Apr/2019:22:45:29 +0100] "GET /us_opt1/js/get_scripts.js.php?scripts%5B%5D=jquery/jquery-2.1.4.min.js&scripts%5B%5D=sprintf.js&scripts%5B%5D=ajax.js&scripts%5B%5D=keyhandler.js&scripts%5B%5D=jquery/jquery-ui-1.11.4.min.js&scripts%5B%5D=jquery/jquery.cookie.js&scripts%5B%5D=jquery/jquery.mousewheel.js&scripts%5B%5D=jquery/jquery.event.drag-2.2.js&scripts%5B%5D=jquery/jquery-ui-timepicker-addon.js&scripts%5B%5D=jquery/jquery.ba-hashchange-1.3.js&v=4.6.6 HTTP/1.1" 200 134175 "-" "Mozilla/5.0 (Windows NT 10.0; Win64; x64) AppleWebKit/537.36 (KHTML, like Gecko) Chrome/71.0.3578.98 Safari/537.36 OPR/58.0.3135.127"
::1 - - [28/Apr/2019:22:45:29 +0100] "GET /us_opt1/js/get_scripts.js.php?scripts%5B%5D=jquery/jquery.debounce-1.0.5.js&scripts%5B%5D=menu-resizer.js&scripts%5B%5D=cross_framing_protection.js&scripts%5B%5D=rte.js&scripts%5B%5D=tracekit/tracekit.js&scripts%5B%5D=error_report.js&scripts%5B%5D=config.js&scripts%5B%5D=doclinks.js&scripts%5B%5D=functions.js&scripts%5B%5D=navigation.js&v=4.6.6 HTTP/1.1" 200 82554 "-" "Mozilla/5.0 (Windows NT 10.0; Win64; x64) AppleWebKit/537.36 (KHTML, like Gecko) Chrome/71.0.3578.98 Safari/537.36 OPR/58.0.3135.127"
::1 - - [28/Apr/2019:22:45:29 +0100] "GET /us_opt1/js/whitelist.php?lang=en&db=&token=8feeee907a533182cb19ad18fd1419e1&v=4.6.6 HTTP/1.1" 200 475 "-" "Mozilla/5.0 (Windows NT 10.0; Win64; x64) AppleWebKit/537.36 (KHTML, like Gecko) Chrome/71.0.3578.98 Safari/537.36 OPR/58.0.3135.127"
::1 - - [28/Apr/2019:22:45:31 +0100] "GET /us_opt1/themes/pmahomme/img/logo_left.png HTTP/1.1" 200 2234 "-" "Mozilla/5.0 (Windows NT 10.0; Win64; x64) AppleWebKit/537.36 (KHTML, like Gecko) Chrome/71.0.3578.98 Safari/537.36 OPR/58.0.3135.127"
::1 - - [28/Apr/2019:22:45:31 +0100] "GET /us_opt1/themes/dot.gif HTTP/1.1" 200 43 "-" "Mozilla/5.0 (Windows NT 10.0; Win64; x64) AppleWebKit/537.36 (KHTML, like Gecko) Chrome/71.0.3578.98 Safari/537.36 OPR/58.0.3135.127"
::1 - - [28/Apr/2019:22:45:32 +0100] "GET /us_opt1/themes/pmahomme/img/s_collapseall.png HTTP/1.1" 200 170 "-" "Mozilla/5.0 (Windows NT 10.0; Win64; x64) AppleWebKit/537.36 (KHTML, like Gecko) Chrome/71.0.3578.98 Safari/537.36 OPR/58.0.3135.127"
::1 - - [28/Apr/2019:22:45:32 +0100] "GET /us_opt1/themes/pmahomme/img/ajax_clock_small.gif HTTP/1.1" 200 1810 "-" "Mozilla/5.0 (Windows NT 10.0; Win64; x64) AppleWebKit/537.36 (KHTML, like Gecko) Chrome/71.0.3578.98 Safari/537.36 OPR/58.0.3135.127"
::1 - - [28/Apr/2019:22:45:32 +0100] "GET /us_opt1/themes/pmahomme/img/b_plugin.png HTTP/1.1" 200 591 "-" "Mozilla/5.0 (Windows NT 10.0; Win64; x64) AppleWebKit/537.36 (KHTML, like Gecko) Chrome/71.0.3578.98 Safari/537.36 OPR/58.0.3135.127"
::1 - - [28/Apr/2019:22:45:32 +0100] "GET /us_opt1/themes/pmahomme/css/printview.css?v=4.6.6 HTTP/1.1" 200 988 "-" "Mozilla/5.0 (Windows NT 10.0; Win64; x64) AppleWebKit/537.36 (KHTML, like Gecko) Chrome/71.0.3578.98 Safari/537.36 OPR/58.0.3135.127"
::1 - - [28/Apr/2019:22:45:29 +0100] "GET /us_opt1/js/get_scripts.js.php?scripts%5B%5D=indexes.js&scripts%5B%5D=common.js&scripts%5B%5D=page_settings.js&scripts%5B%5D=codemirror/lib/codemirror.js&scripts%5B%5D=codemirror/mode/sql/sql.js&scripts%5B%5D=codemirror/addon/runmode/runmode.js&scripts%5B%5D=codemirror/addon/hint/show-hint.js&scripts%5B%5D=codemirror/addon/hint/sql-hint.js&scripts%5B%5D=codemirror/addon/lint/lint.js&scripts%5B%5D=codemirror/addon/lint/sql-lint.js&v=4.6.6 HTTP/1.1" 200 118975 "-" "Mozilla/5.0 (Windows NT 10.0; Win64; x64) AppleWebKit/537.36 (KHTML, like Gecko) Chrome/71.0.3578.98 Safari/537.36 OPR/58.0.3135.127"
::1 - - [28/Apr/2019:22:45:29 +0100] "GET /us_opt1/js/get_scripts.js.php?scripts%5B%5D=console.js&v=4.6.6 HTTP/1.1" 200 10728 "-" "Mozilla/5.0 (Windows NT 10.0; Win64; x64) AppleWebKit/537.36 (KHTML, like Gecko) Chrome/71.0.3578.98 Safari/537.36 OPR/58.0.3135.127"
::1 - - [28/Apr/2019:22:45:31 +0100] "GET /us_opt1/js/get_image.js.php?theme=pmahomme&v=4.6.6 HTTP/1.1" 200 1833 "-" "Mozilla/5.0 (Windows NT 10.0; Win64; x64) AppleWebKit/537.36 (KHTML, like Gecko) Chrome/71.0.3578.98 Safari/537.36 OPR/58.0.3135.127"
::1 - - [28/Apr/2019:22:45:30 +0100] "GET /us_opt1/js/messages.php?lang=en&db=&token=8feeee907a533182cb19ad18fd1419e1&v=4.6.6 HTTP/1.1" 200 8533 "-" "Mozilla/5.0 (Windows NT 10.0; Win64; x64) AppleWebKit/537.36 (KHTML, like Gecko) Chrome/71.0.3578.98 Safari/537.36 OPR/58.0.3135.127"
::1 - - [28/Apr/2019:22:45:32 +0100] "GET /us_opt1/themes/pmahomme/img/left_nav_bg.png HTTP/1.1" 200 257 "http://localhost:81/us_opt1/phpmyadmin.css.php?nocache=5905452430ltr" "Mozilla/5.0 (Windows NT 10.0; Win64; x64) AppleWebKit/537.36 (KHTML, like Gecko) Chrome/71.0.3578.98 Safari/537.36 OPR/58.0.3135.127"
::1 - - [28/Apr/2019:22:45:32 +0100] "GET /us_opt1/themes/pmahomme/img/sprites.png?v=4.6.6 HTTP/1.1" 200 46733 "http://localhost:81/us_opt1/phpmyadmin.css.php?nocache=5905452430ltr" "Mozilla/5.0 (Windows NT 10.0; Win64; x64) AppleWebKit/537.36 (KHTML, like Gecko) Chrome/71.0.3578.98 Safari/537.36 OPR/58.0.3135.127"
::1 - - [28/Apr/2019:22:45:33 +0100] "POST /us_opt1/navigation.php?ajax_request=1&token=8feeee907a533182cb19ad18fd1419e1 HTTP/1.1" 200 1989 "-" "Mozilla/5.0 (Windows NT 10.0; Win64; x64) AppleWebKit/537.36 (KHTML, like Gecko) Chrome/71.0.3578.98 Safari/537.36 OPR/58.0.3135.127"
::1 - - [28/Apr/2019:22:45:33 +0100] "POST /us_opt1/version_check.php HTTP/1.1" 200 28 "-" "Mozilla/5.0 (Windows NT 10.0; Win64; x64) AppleWebKit/537.36 (KHTML, like Gecko) Chrome/71.0.3578.98 Safari/537.36 OPR/58.0.3135.127"
::1 - - [28/Apr/2019:22:45:33 +0100] "POST /us_opt1/db_structure.php?ajax_request=1&favorite_table=1&sync_favorite_tables=1&token=8feeee907a533182cb19ad18fd1419e1 HTTP/1.1" 200 143 "-" "Mozilla/5.0 (Windows NT 10.0; Win64; x64) AppleWebKit/537.36 (KHTML, like Gecko) Chrome/71.0.3578.98 Safari/537.36 OPR/58.0.3135.127"
::1 - - [28/Apr/2019:22:45:34 +0100] "GET /us_opt1/favicon.ico HTTP/1.1" 200 9211 "-" "Mozilla/5.0 (Windows NT 10.0; Win64; x64) AppleWebKit/537.36 (KHTML, like Gecko) Chrome/71.0.3578.98 Safari/537.36 OPR/58.0.3135.127"
::1 - - [28/Apr/2019:22:46:37 +0100] "GET /us_opt1/server_databases.php?db=&token=8feeee907a533182cb19ad18fd1419e1&ajax_request=true&ajax_page_request=true&_nocache=1556487997778499794 HTTP/1.1" 200 5519 "-" "Mozilla/5.0 (Windows NT 10.0; Win64; x64) AppleWebKit/537.36 (KHTML, like Gecko) Chrome/71.0.3578.98 Safari/537.36 OPR/58.0.3135.127"
::1 - - [28/Apr/2019:22:46:38 +0100] "GET /us_opt1/themes/pmahomme/img/arrow_ltr.png HTTP/1.1" 200 139 "-" "Mozilla/5.0 (Windows NT 10.0; Win64; x64) AppleWebKit/537.36 (KHTML, like Gecko) Chrome/71.0.3578.98 Safari/537.36 OPR/58.0.3135.127"
::1 - - [28/Apr/2019:22:46:38 +0100] "GET /us_opt1/js/get_scripts.js.php?scripts%5B%5D=server_databases.js&call_done=1&v=4.6.6 HTTP/1.1" 200 1657 "-" "Mozilla/5.0 (Windows NT 10.0; Win64; x64) AppleWebKit/537.36 (KHTML, like Gecko) Chrome/71.0.3578.98 Safari/537.36 OPR/58.0.3135.127"
::1 - - [28/Apr/2019:22:46:53 +0100] "POST /us_opt1/server_databases.php HTTP/1.1" 200 1713 "-" "Mozilla/5.0 (Windows NT 10.0; Win64; x64) AppleWebKit/537.36 (KHTML, like Gecko) Chrome/71.0.3578.98 Safari/537.36 OPR/58.0.3135.127"
::1 - - [28/Apr/2019:22:46:53 +0100] "POST /us_opt1/navigation.php?ajax_request=1&token=8feeee907a533182cb19ad18fd1419e1 HTTP/1.1" 200 2028 "-" "Mozilla/5.0 (Windows NT 10.0; Win64; x64) AppleWebKit/537.36 (KHTML, like Gecko) Chrome/71.0.3578.98 Safari/537.36 OPR/58.0.3135.127"
::1 - - [28/Apr/2019:22:46:53 +0100] "GET /us_opt1/db_structure.php?db=wordpress&token=8feeee907a533182cb19ad18fd1419e1&db=wordpress&ajax_request=true&ajax_page_request=true&_nocache=1556488013372420001 HTTP/1.1" 200 2731 "-" "Mozilla/5.0 (Windows NT 10.0; Win64; x64) AppleWebKit/537.36 (KHTML, like Gecko) Chrome/71.0.3578.98 Safari/537.36 OPR/58.0.3135.127"
::1 - - [28/Apr/2019:22:46:54 +0100] "GET /us_opt1/navigation.php?ajax_request=1&token=8feeee907a533182cb19ad18fd1419e1&aPath=cm9vdA%3D%3D.d29yZHByZXNz&vPath=cm9vdA%3D%3D.d29yZHByZXNz&pos=0&pos2_name=&pos2_value=&searchClause=&searchClause2=&_nocache=1556488014143654055 HTTP/1.1" 200 1381 "-" "Mozilla/5.0 (Windows NT 10.0; Win64; x64) AppleWebKit/537.36 (KHTML, like Gecko) Chrome/71.0.3578.98 Safari/537.36 OPR/58.0.3135.127"
::1 - - [28/Apr/2019:22:46:54 +0100] "GET /us_opt1/js/get_scripts.js.php?scripts%5B%5D=db_structure.js&scripts%5B%5D=tbl_change.js&call_done=1&v=4.6.6 HTTP/1.1" 200 10691 "-" "Mozilla/5.0 (Windows NT 10.0; Win64; x64) AppleWebKit/537.36 (KHTML, like Gecko) Chrome/71.0.3578.98 Safari/537.36 OPR/58.0.3135.127"
::1 - - [28/Apr/2019:22:49:35 +0100] "GET / HTTP/1.1" 200 1262 "-" "Mozilla/5.0 (Windows NT 10.0; Win64; x64) AppleWebKit/537.36 (KHTML, like Gecko) Chrome/71.0.3578.98 Safari/537.36 OPR/58.0.3135.127"
::1 - - [28/Apr/2019:22:49:47 +0100] "GET /wordpress HTTP/1.1" 301 238 "-" "Mozilla/5.0 (Windows NT 10.0; Win64; x64) AppleWebKit/537.36 (KHTML, like Gecko) Chrome/71.0.3578.98 Safari/537.36 OPR/58.0.3135.127"
::1 - - [28/Apr/2019:22:49:47 +0100] "GET /wordpress/ HTTP/1.1" 302 - "-" "Mozilla/5.0 (Windows NT 10.0; Win64; x64) AppleWebKit/537.36 (KHTML, like Gecko) Chrome/71.0.3578.98 Safari/537.36 OPR/58.0.3135.127"
::1 - - [28/Apr/2019:22:49:47 +0100] "GET /wordpress/wp-admin/setup-config.php HTTP/1.1" 200 3825 "-" "Mozilla/5.0 (Windows NT 10.0; Win64; x64) AppleWebKit/537.36 (KHTML, like Gecko) Chrome/71.0.3578.98 Safari/537.36 OPR/58.0.3135.127"
::1 - - [28/Apr/2019:22:49:50 +0100] "GET /wordpress/wp-includes/css/buttons.min.css?ver=5.1.1 HTTP/1.1" 200 1506 "http://localhost:81/wordpress/wp-admin/setup-config.php" "Mozilla/5.0 (Windows NT 10.0; Win64; x64) AppleWebKit/537.36 (KHTML, like Gecko) Chrome/71.0.3578.98 Safari/537.36 OPR/58.0.3135.127"
::1 - - [28/Apr/2019:22:49:50 +0100] "GET /wordpress/wp-admin/js/language-chooser.min.js?ver=5.1.1 HTTP/1.1" 200 240 "http://localhost:81/wordpress/wp-admin/setup-config.php" "Mozilla/5.0 (Windows NT 10.0; Win64; x64) AppleWebKit/537.36 (KHTML, like Gecko) Chrome/71.0.3578.98 Safari/537.36 OPR/58.0.3135.127"
::1 - - [28/Apr/2019:22:49:50 +0100] "GET /wordpress/wp-admin/css/install.min.css?ver=5.1.1 HTTP/1.1" 200 2009 "http://localhost:81/wordpress/wp-admin/setup-config.php" "Mozilla/5.0 (Windows NT 10.0; Win64; x64) AppleWebKit/537.36 (KHTML, like Gecko) Chrome/71.0.3578.98 Safari/537.36 OPR/58.0.3135.127"
::1 - - [28/Apr/2019:22:49:50 +0100] "GET /wordpress/wp-includes/js/jquery/jquery-migrate.min.js?ver=1.4.1 HTTP/1.1" 200 4014 "http://localhost:81/wordpress/wp-admin/setup-config.php" "Mozilla/5.0 (Windows NT 10.0; Win64; x64) AppleWebKit/537.36 (KHTML, like Gecko) Chrome/71.0.3578.98 Safari/537.36 OPR/58.0.3135.127"
::1 - - [28/Apr/2019:22:49:50 +0100] "GET /wordpress/wp-includes/js/jquery/jquery.js?ver=1.12.4 HTTP/1.1" 200 33702 "http://localhost:81/wordpress/wp-admin/setup-config.php" "Mozilla/5.0 (Windows NT 10.0; Win64; x64) AppleWebKit/537.36 (KHTML, like Gecko) Chrome/71.0.3578.98 Safari/537.36 OPR/58.0.3135.127"
::1 - - [28/Apr/2019:22:49:52 +0100] "GET /wordpress/wp-admin/images/spinner.gif HTTP/1.1" 200 3656 "http://localhost:81/wordpress/wp-admin/css/install.min.css?ver=5.1.1" "Mozilla/5.0 (Windows NT 10.0; Win64; x64) AppleWebKit/537.36 (KHTML, like Gecko) Chrome/71.0.3578.98 Safari/537.36 OPR/58.0.3135.127"
::1 - - [28/Apr/2019:22:49:52 +0100] "GET /wordpress/wp-admin/images/wordpress-logo.svg?ver=20131107 HTTP/1.1" 200 818 "http://localhost:81/wordpress/wp-admin/css/install.min.css?ver=5.1.1" "Mozilla/5.0 (Windows NT 10.0; Win64; x64) AppleWebKit/537.36 (KHTML, like Gecko) Chrome/71.0.3578.98 Safari/537.36 OPR/58.0.3135.127"
::1 - - [28/Apr/2019:22:49:58 +0100] "POST /wordpress/wp-admin/setup-config.php?step=0 HTTP/1.1" 200 1035 "http://localhost:81/wordpress/wp-admin/setup-config.php" "Mozilla/5.0 (Windows NT 10.0; Win64; x64) AppleWebKit/537.36 (KHTML, like Gecko) Chrome/71.0.3578.98 Safari/537.36 OPR/58.0.3135.127"
::1 - - [28/Apr/2019:22:50:01 +0100] "GET /wordpress/wp-admin/setup-config.php?step=1 HTTP/1.1" 200 1046 "http://localhost:81/wordpress/wp-admin/setup-config.php?step=0" "Mozilla/5.0 (Windows NT 10.0; Win64; x64) AppleWebKit/537.36 (KHTML, like Gecko) Chrome/71.0.3578.98 Safari/537.36 OPR/58.0.3135.127"
::1 - - [28/Apr/2019:22:50:58 +0100] "-" 408 - "-" "-"
::1 - - [28/Apr/2019:22:51:03 +0100] "POST /wordpress/wp-admin/setup-config.php?step=2 HTTP/1.1" 500 1476 "http://localhost:81/wordpress/wp-admin/setup-config.php?step=1" "Mozilla/5.0 (Windows NT 10.0; Win64; x64) AppleWebKit/537.36 (KHTML, like Gecko) Chrome/71.0.3578.98 Safari/537.36 OPR/58.0.3135.127"
::1 - - [28/Apr/2019:22:51:14 +0100] "POST /wordpress/wp-admin/setup-config.php?step=2 HTTP/1.1" 500 1476 "http://localhost:81/wordpress/wp-admin/setup-config.php?step=1" "Mozilla/5.0 (Windows NT 10.0; Win64; x64) AppleWebKit/537.36 (KHTML, like Gecko) Chrome/71.0.3578.98 Safari/537.36 OPR/58.0.3135.127"
::1 - - [28/Apr/2019:22:51:26 +0100] "POST /wordpress/wp-admin/setup-config.php?step=2 HTTP/1.1" 500 1476 "http://localhost:81/wordpress/wp-admin/setup-config.php?step=1" "Mozilla/5.0 (Windows NT 10.0; Win64; x64) AppleWebKit/537.36 (KHTML, like Gecko) Chrome/71.0.3578.98 Safari/537.36 OPR/58.0.3135.127"
::1 - - [28/Apr/2019:22:52:02 +0100] "POST /wordpress/wp-admin/setup-config.php?step=2 HTTP/1.1" 500 1476 "http://localhost:81/wordpress/wp-admin/setup-config.php?step=1" "Mozilla/5.0 (Windows NT 10.0; Win64; x64) AppleWebKit/537.36 (KHTML, like Gecko) Chrome/71.0.3578.98 Safari/537.36 OPR/58.0.3135.127"
::1 - - [28/Apr/2019:22:52:12 +0100] "POST /wordpress/wp-admin/setup-config.php?step=2 HTTP/1.1" 500 1476 "http://localhost:81/wordpress/wp-admin/setup-config.php?step=1" "Mozilla/5.0 (Windows NT 10.0; Win64; x64) AppleWebKit/537.36 (KHTML, like Gecko) Chrome/71.0.3578.98 Safari/537.36 OPR/58.0.3135.127"
::1 - - [28/Apr/2019:22:52:29 +0100] "GET /us_opt1/db_sql.php?db=wordpress&token=8feeee907a533182cb19ad18fd1419e1&ajax_request=true&ajax_page_request=true&_nocache=1556488349734965808 HTTP/1.1" 200 4389 "-" "Mozilla/5.0 (Windows NT 10.0; Win64; x64) AppleWebKit/537.36 (KHTML, like Gecko) Chrome/71.0.3578.98 Safari/537.36 OPR/58.0.3135.127"
::1 - - [28/Apr/2019:22:52:30 +0100] "GET /us_opt1/js/get_scripts.js.php?scripts%5B%5D=makegrid.js&scripts%5B%5D=jquery/jquery.uitablefilter.js&scripts%5B%5D=sql.js&call_done=1&v=4.6.6 HTTP/1.1" 200 27114 "-" "Mozilla/5.0 (Windows NT 10.0; Win64; x64) AppleWebKit/537.36 (KHTML, like Gecko) Chrome/71.0.3578.98 Safari/537.36 OPR/58.0.3135.127"
::1 - - [28/Apr/2019:22:52:31 +0100] "GET /us_opt1/db_structure.php?db=wordpress&token=8feeee907a533182cb19ad18fd1419e1&ajax_request=true&ajax_page_request=true&_nocache=1556488351622630974 HTTP/1.1" 200 2731 "-" "Mozilla/5.0 (Windows NT 10.0; Win64; x64) AppleWebKit/537.36 (KHTML, like Gecko) Chrome/71.0.3578.98 Safari/537.36 OPR/58.0.3135.127"
::1 - - [28/Apr/2019:22:52:34 +0100] "GET /us_opt1/db_structure.php?server=1&db=wordpress&token=8feeee907a533182cb19ad18fd1419e1&ajax_request=true&ajax_page_request=true&_nocache=1556488354508194131 HTTP/1.1" 200 2731 "-" "Mozilla/5.0 (Windows NT 10.0; Win64; x64) AppleWebKit/537.36 (KHTML, like Gecko) Chrome/71.0.3578.98 Safari/537.36 OPR/58.0.3135.127"
::1 - - [28/Apr/2019:22:52:54 +0100] "POST /wordpress/wp-admin/setup-config.php?step=2 HTTP/1.1" 500 1478 "http://localhost:81/wordpress/wp-admin/setup-config.php?step=1" "Mozilla/5.0 (Windows NT 10.0; Win64; x64) AppleWebKit/537.36 (KHTML, like Gecko) Chrome/71.0.3578.98 Safari/537.36 OPR/58.0.3135.127"
::1 - - [28/Apr/2019:22:52:55 +0100] "POST /wordpress/wp-admin/setup-config.php?step=2 HTTP/1.1" 500 1478 "http://localhost:81/wordpress/wp-admin/setup-config.php?step=1" "Mozilla/5.0 (Windows NT 10.0; Win64; x64) AppleWebKit/537.36 (KHTML, like Gecko) Chrome/71.0.3578.98 Safari/537.36 OPR/58.0.3135.127"
::1 - - [28/Apr/2019:22:52:57 +0100] "POST /wordpress/wp-admin/setup-config.php?step=2 HTTP/1.1" 500 1478 "http://localhost:81/wordpress/wp-admin/setup-config.php?step=1" "Mozilla/5.0 (Windows NT 10.0; Win64; x64) AppleWebKit/537.36 (KHTML, like Gecko) Chrome/71.0.3578.98 Safari/537.36 OPR/58.0.3135.127"
::1 - - [28/Apr/2019:22:53:00 +0100] "POST /wordpress/wp-admin/setup-config.php?step=2 HTTP/1.1" 500 1478 "http://localhost:81/wordpress/wp-admin/setup-config.php?step=1" "Mozilla/5.0 (Windows NT 10.0; Win64; x64) AppleWebKit/537.36 (KHTML, like Gecko) Chrome/71.0.3578.98 Safari/537.36 OPR/58.0.3135.127"
::1 - - [28/Apr/2019:22:53:54 +0100] "POST /wordpress/wp-admin/setup-config.php?step=2 HTTP/1.1" 500 1478 "http://localhost:81/wordpress/wp-admin/setup-config.php?step=1" "Mozilla/5.0 (Windows NT 10.0; Win64; x64) AppleWebKit/537.36 (KHTML, like Gecko) Chrome/71.0.3578.98 Safari/537.36 OPR/58.0.3135.127"
::1 - - [28/Apr/2019:22:54:24 +0100] "GET /us_opt1/server_databases.php?server=1&token=8feeee907a533182cb19ad18fd1419e1&ajax_request=true&ajax_page_request=true&_nocache=1556488464392626545 HTTP/1.1" 200 5588 "-" "Mozilla/5.0 (Windows NT 10.0; Win64; x64) AppleWebKit/537.36 (KHTML, like Gecko) Chrome/71.0.3578.98 Safari/537.36 OPR/58.0.3135.127"
::1 - - [28/Apr/2019:22:54:30 +0100] "POST /us_opt1/server_databases.php HTTP/1.1" 200 1717 "-" "Mozilla/5.0 (Windows NT 10.0; Win64; x64) AppleWebKit/537.36 (KHTML, like Gecko) Chrome/71.0.3578.98 Safari/537.36 OPR/58.0.3135.127"
::1 - - [28/Apr/2019:22:54:30 +0100] "POST /us_opt1/navigation.php?ajax_request=1&token=8feeee907a533182cb19ad18fd1419e1 HTTP/1.1" 200 2081 "-" "Mozilla/5.0 (Windows NT 10.0; Win64; x64) AppleWebKit/537.36 (KHTML, like Gecko) Chrome/71.0.3578.98 Safari/537.36 OPR/58.0.3135.127"
::1 - - [28/Apr/2019:22:54:30 +0100] "GET /us_opt1/db_structure.php?db=wordpresslocal&token=8feeee907a533182cb19ad18fd1419e1&db=wordpresslocal&ajax_request=true&ajax_page_request=true&_nocache=1556488470354998752 HTTP/1.1" 200 2736 "-" "Mozilla/5.0 (Windows NT 10.0; Win64; x64) AppleWebKit/537.36 (KHTML, like Gecko) Chrome/71.0.3578.98 Safari/537.36 OPR/58.0.3135.127"
::1 - - [28/Apr/2019:22:54:31 +0100] "GET /us_opt1/navigation.php?ajax_request=1&token=8feeee907a533182cb19ad18fd1419e1&aPath=cm9vdA%3D%3D.d29yZHByZXNzbG9jYWw%3D&vPath=cm9vdA%3D%3D.d29yZHByZXNzbG9jYWw%3D&pos=0&pos2_name=&pos2_value=&searchClause=&searchClause2=&_nocache=1556488471010253818 HTTP/1.1" 200 1381 "-" "Mozilla/5.0 (Windows NT 10.0; Win64; x64) AppleWebKit/537.36 (KHTML, like Gecko) Chrome/71.0.3578.98 Safari/537.36 OPR/58.0.3135.127"
::1 - - [28/Apr/2019:22:54:39 +0100] "GET /wordpress/wp-admin/setup-config.php?step=1 HTTP/1.1" 200 1046 "http://localhost:81/wordpress/wp-admin/setup-config.php?step=0" "Mozilla/5.0 (Windows NT 10.0; Win64; x64) AppleWebKit/537.36 (KHTML, like Gecko) Chrome/71.0.3578.98 Safari/537.36 OPR/58.0.3135.127"
::1 - - [28/Apr/2019:22:54:40 +0100] "GET /wordpress/wp-admin/css/install.min.css?ver=5.1.1 HTTP/1.1" 200 2009 "http://localhost:81/wordpress/wp-admin/setup-config.php?step=1" "Mozilla/5.0 (Windows NT 10.0; Win64; x64) AppleWebKit/537.36 (KHTML, like Gecko) Chrome/71.0.3578.98 Safari/537.36 OPR/58.0.3135.127"
::1 - - [28/Apr/2019:22:54:40 +0100] "GET /wordpress/wp-includes/js/jquery/jquery-migrate.min.js?ver=1.4.1 HTTP/1.1" 200 4014 "http://localhost:81/wordpress/wp-admin/setup-config.php?step=1" "Mozilla/5.0 (Windows NT 10.0; Win64; x64) AppleWebKit/537.36 (KHTML, like Gecko) Chrome/71.0.3578.98 Safari/537.36 OPR/58.0.3135.127"
::1 - - [28/Apr/2019:22:54:40 +0100] "GET /wordpress/wp-includes/js/jquery/jquery.js?ver=1.12.4 HTTP/1.1" 200 33702 "http://localhost:81/wordpress/wp-admin/setup-config.php?step=1" "Mozilla/5.0 (Windows NT 10.0; Win64; x64) AppleWebKit/537.36 (KHTML, like Gecko) Chrome/71.0.3578.98 Safari/537.36 OPR/58.0.3135.127"
::1 - - [28/Apr/2019:22:54:40 +0100] "GET /wordpress/wp-includes/css/buttons.min.css?ver=5.1.1 HTTP/1.1" 200 1506 "http://localhost:81/wordpress/wp-admin/setup-config.php?step=1" "Mozilla/5.0 (Windows NT 10.0; Win64; x64) AppleWebKit/537.36 (KHTML, like Gecko) Chrome/71.0.3578.98 Safari/537.36 OPR/58.0.3135.127"
::1 - - [28/Apr/2019:22:54:40 +0100] "GET /wordpress/wp-admin/js/language-chooser.min.js?ver=5.1.1 HTTP/1.1" 200 240 "http://localhost:81/wordpress/wp-admin/setup-config.php?step=1" "Mozilla/5.0 (Windows NT 10.0; Win64; x64) AppleWebKit/537.36 (KHTML, like Gecko) Chrome/71.0.3578.98 Safari/537.36 OPR/58.0.3135.127"
::1 - - [28/Apr/2019:22:54:40 +0100] "GET /wordpress/wp-admin/images/wordpress-logo.svg?ver=20131107 HTTP/1.1" 200 818 "http://localhost:81/wordpress/wp-admin/css/install.min.css?ver=5.1.1" "Mozilla/5.0 (Windows NT 10.0; Win64; x64) AppleWebKit/537.36 (KHTML, like Gecko) Chrome/71.0.3578.98 Safari/537.36 OPR/58.0.3135.127"
::1 - - [28/Apr/2019:22:54:41 +0100] "GET /favicon.ico HTTP/1.1" 200 584 "http://localhost:81/wordpress/wp-admin/setup-config.php?step=1" "Mozilla/5.0 (Windows NT 10.0; Win64; x64) AppleWebKit/537.36 (KHTML, like Gecko) Chrome/71.0.3578.98 Safari/537.36 OPR/58.0.3135.127"
::1 - - [28/Apr/2019:22:54:47 +0100] "GET /wordpress/ HTTP/1.1" 302 - "-" "Mozilla/5.0 (Windows NT 10.0; Win64; x64) AppleWebKit/537.36 (KHTML, like Gecko) Chrome/71.0.3578.98 Safari/537.36 OPR/58.0.3135.127"
::1 - - [28/Apr/2019:22:54:47 +0100] "GET /wordpress/wp-admin/setup-config.php HTTP/1.1" 200 3825 "-" "Mozilla/5.0 (Windows NT 10.0; Win64; x64) AppleWebKit/537.36 (KHTML, like Gecko) Chrome/71.0.3578.98 Safari/537.36 OPR/58.0.3135.127"
::1 - - [28/Apr/2019:22:54:49 +0100] "GET /wordpress/wp-admin/images/spinner.gif HTTP/1.1" 304 - "http://localhost:81/wordpress/wp-admin/css/install.min.css?ver=5.1.1" "Mozilla/5.0 (Windows NT 10.0; Win64; x64) AppleWebKit/537.36 (KHTML, like Gecko) Chrome/71.0.3578.98 Safari/537.36 OPR/58.0.3135.127"
::1 - - [28/Apr/2019:22:54:52 +0100] "POST /wordpress/wp-admin/setup-config.php?step=0 HTTP/1.1" 200 1035 "http://localhost:81/wordpress/wp-admin/setup-config.php" "Mozilla/5.0 (Windows NT 10.0; Win64; x64) AppleWebKit/537.36 (KHTML, like Gecko) Chrome/71.0.3578.98 Safari/537.36 OPR/58.0.3135.127"
::1 - - [28/Apr/2019:22:54:57 +0100] "GET /wordpress/wp-admin/setup-config.php?step=1 HTTP/1.1" 200 1046 "http://localhost:81/wordpress/wp-admin/setup-config.php?step=0" "Mozilla/5.0 (Windows NT 10.0; Win64; x64) AppleWebKit/537.36 (KHTML, like Gecko) Chrome/71.0.3578.98 Safari/537.36 OPR/58.0.3135.127"
::1 - - [28/Apr/2019:22:55:13 +0100] "POST /wordpress/wp-admin/setup-config.php?step=2 HTTP/1.1" 500 1476 "http://localhost:81/wordpress/wp-admin/setup-config.php?step=1" "Mozilla/5.0 (Windows NT 10.0; Win64; x64) AppleWebKit/537.36 (KHTML, like Gecko) Chrome/71.0.3578.98 Safari/537.36 OPR/58.0.3135.127"
::1 - - [28/Apr/2019:22:55:17 +0100] "POST /wordpress/wp-admin/setup-config.php?step=2 HTTP/1.1" 500 1476 "http://localhost:81/wordpress/wp-admin/setup-config.php?step=1" "Mozilla/5.0 (Windows NT 10.0; Win64; x64) AppleWebKit/537.36 (KHTML, like Gecko) Chrome/71.0.3578.98 Safari/537.36 OPR/58.0.3135.127"
::1 - - [28/Apr/2019:22:56:15 +0100] "-" 408 - "-" "-"
::1 - - [28/Apr/2019:22:57:20 +0100] "GET /wordpress/wp-admin/setup-config.php?step=1 HTTP/1.1" 500 1191 "http://localhost:81/wordpress/wp-admin/setup-config.php?step=0" "Mozilla/5.0 (Windows NT 10.0; Win64; x64) AppleWebKit/537.36 (KHTML, like Gecko) Chrome/71.0.3578.98 Safari/537.36 OPR/58.0.3135.127"
::1 - - [28/Apr/2019:22:57:20 +0100] "GET /favicon.ico HTTP/1.1" 200 584 "http://localhost:81/wordpress/wp-admin/setup-config.php?step=1" "Mozilla/5.0 (Windows NT 10.0; Win64; x64) AppleWebKit/537.36 (KHTML, like Gecko) Chrome/71.0.3578.98 Safari/537.36 OPR/58.0.3135.127"
::1 - - [28/Apr/2019:22:57:30 +0100] "GET /wordpress/wp-admin/install.php HTTP/1.1" 500 1368 "http://localhost:81/wordpress/wp-admin/setup-config.php?step=1" "Mozilla/5.0 (Windows NT 10.0; Win64; x64) AppleWebKit/537.36 (KHTML, like Gecko) Chrome/71.0.3578.98 Safari/537.36 OPR/58.0.3135.127"
::1 - - [28/Apr/2019:22:57:37 +0100] "GET /wordpress/wp-admin HTTP/1.1" 301 247 "-" "Mozilla/5.0 (Windows NT 10.0; Win64; x64) AppleWebKit/537.36 (KHTML, like Gecko) Chrome/71.0.3578.98 Safari/537.36 OPR/58.0.3135.127"
::1 - - [28/Apr/2019:22:57:37 +0100] "GET /wordpress/wp-admin/ HTTP/1.1" 500 1368 "-" "Mozilla/5.0 (Windows NT 10.0; Win64; x64) AppleWebKit/537.36 (KHTML, like Gecko) Chrome/71.0.3578.98 Safari/537.36 OPR/58.0.3135.127"
::1 - - [28/Apr/2019:22:58:51 +0100] "-" 408 - "-" "-"
::1 - - [28/Apr/2019:22:58:51 +0100] "-" 408 - "-" "-"
::1 - - [28/Apr/2019:22:59:06 +0100] "GET /wordpress/ HTTP/1.1" 500 201 "-" "Mozilla/5.0 (Windows NT 10.0; Win64; x64) AppleWebKit/537.36 (KHTML, like Gecko) Chrome/71.0.3578.98 Safari/537.36 OPR/58.0.3135.127"
::1 - - [28/Apr/2019:22:59:17 +0100] "GET / HTTP/1.1" 200 1277 "-" "Mozilla/5.0 (Windows NT 10.0; Win64; x64) AppleWebKit/537.36 (KHTML, like Gecko) Chrome/71.0.3578.98 Safari/537.36 OPR/58.0.3135.127"
::1 - - [28/Apr/2019:22:59:31 +0100] "GET /wordpress/ HTTP/1.1" 500 201 "http://localhost:81/" "Mozilla/5.0 (Windows NT 10.0; Win64; x64) AppleWebKit/537.36 (KHTML, like Gecko) Chrome/71.0.3578.98 Safari/537.36 OPR/58.0.3135.127"
::1 - - [28/Apr/2019:23:00:31 +0100] "-" 408 - "-" "-"
::1 - - [28/Apr/2019:23:02:16 +0100] "GET /index.php HTTP/1.1" 200 1277 "-" "Mozilla/5.0 (Windows NT 10.0; Win64; x64) AppleWebKit/537.36 (KHTML, like Gecko) Chrome/71.0.3578.98 Safari/537.36 OPR/58.0.3135.127"
::1 - - [28/Apr/2019:23:02:23 +0100] "GET / HTTP/1.1" 200 1277 "-" "Mozilla/5.0 (Windows NT 10.0; Win64; x64) AppleWebKit/537.36 (KHTML, like Gecko) Chrome/71.0.3578.98 Safari/537.36 OPR/58.0.3135.127"
::1 - - [28/Apr/2019:23:02:23 +0100] "GET /us_splash/index.php HTTP/1.1" 200 1466 "-" "Mozilla/5.0 (Windows NT 10.0; Win64; x64) AppleWebKit/537.36 (KHTML, like Gecko) Chrome/71.0.3578.98 Safari/537.36 OPR/58.0.3135.127"
::1 - - [28/Apr/2019:23:02:33 +0100] "GET /us_opt1/index.php HTTP/1.1" 200 11795 "-" "Mozilla/5.0 (Windows NT 10.0; Win64; x64) AppleWebKit/537.36 (KHTML, like Gecko) Chrome/71.0.3578.98 Safari/537.36 OPR/58.0.3135.127"
::1 - - [28/Apr/2019:23:02:35 +0100] "POST /us_opt1/navigation.php?ajax_request=1&token=8feeee907a533182cb19ad18fd1419e1 HTTP/1.1" 200 2060 "-" "Mozilla/5.0 (Windows NT 10.0; Win64; x64) AppleWebKit/537.36 (KHTML, like Gecko) Chrome/71.0.3578.98 Safari/537.36 OPR/58.0.3135.127"
::1 - - [28/Apr/2019:23:02:35 +0100] "POST /us_opt1/db_structure.php?ajax_request=1&favorite_table=1&sync_favorite_tables=1&token=8feeee907a533182cb19ad18fd1419e1 HTTP/1.1" 200 143 "-" "Mozilla/5.0 (Windows NT 10.0; Win64; x64) AppleWebKit/537.36 (KHTML, like Gecko) Chrome/71.0.3578.98 Safari/537.36 OPR/58.0.3135.127"
::1 - - [28/Apr/2019:23:02:35 +0100] "POST /us_opt1/version_check.php HTTP/1.1" 200 28 "-" "Mozilla/5.0 (Windows NT 10.0; Win64; x64) AppleWebKit/537.36 (KHTML, like Gecko) Chrome/71.0.3578.98 Safari/537.36 OPR/58.0.3135.127"
::1 - - [28/Apr/2019:23:02:43 +0100] "GET /us_opt1/db_structure.php?server=1&db=wordpress&token=8feeee907a533182cb19ad18fd1419e1&ajax_request=true&ajax_page_request=true&_nocache=1556488963712803957 HTTP/1.1" 200 2731 "-" "Mozilla/5.0 (Windows NT 10.0; Win64; x64) AppleWebKit/537.36 (KHTML, like Gecko) Chrome/71.0.3578.98 Safari/537.36 OPR/58.0.3135.127"
::1 - - [28/Apr/2019:23:02:44 +0100] "GET /us_opt1/navigation.php?ajax_request=1&token=8feeee907a533182cb19ad18fd1419e1&aPath=cm9vdA%3D%3D.d29yZHByZXNz&vPath=cm9vdA%3D%3D.d29yZHByZXNz&pos=0&pos2_name=&pos2_value=&searchClause=&searchClause2=&_nocache=1556488964288292259 HTTP/1.1" 200 1381 "-" "Mozilla/5.0 (Windows NT 10.0; Win64; x64) AppleWebKit/537.36 (KHTML, like Gecko) Chrome/71.0.3578.98 Safari/537.36 OPR/58.0.3135.127"
::1 - - [28/Apr/2019:23:02:47 +0100] "GET /us_opt1/db_events.php?db=wordpress&token=8feeee907a533182cb19ad18fd1419e1&ajax_request=true&ajax_page_request=true&_nocache=1556488967944745310 HTTP/1.1" 200 2418 "-" "Mozilla/5.0 (Windows NT 10.0; Win64; x64) AppleWebKit/537.36 (KHTML, like Gecko) Chrome/71.0.3578.98 Safari/537.36 OPR/58.0.3135.127"
::1 - - [28/Apr/2019:23:02:49 +0100] "GET /us_opt1/themes/pmahomme/img/toggle-ltr.png HTTP/1.1" 200 410 "-" "Mozilla/5.0 (Windows NT 10.0; Win64; x64) AppleWebKit/537.36 (KHTML, like Gecko) Chrome/71.0.3578.98 Safari/537.36 OPR/58.0.3135.127"
::1 - - [28/Apr/2019:23:02:49 +0100] "GET /us_opt1/db_events.php?db=wordpress&token=8feeee907a533182cb19ad18fd1419e1&ajax_request=true&ajax_page_request=true&_nocache=1556488969949871881 HTTP/1.1" 200 2418 "-" "Mozilla/5.0 (Windows NT 10.0; Win64; x64) AppleWebKit/537.36 (KHTML, like Gecko) Chrome/71.0.3578.98 Safari/537.36 OPR/58.0.3135.127"
::1 - - [28/Apr/2019:23:02:51 +0100] "GET /us_opt1/db_structure.php?server=1&db=wordpress&token=8feeee907a533182cb19ad18fd1419e1&ajax_request=true&ajax_page_request=true&_nocache=1556488971798657931 HTTP/1.1" 200 2731 "-" "Mozilla/5.0 (Windows NT 10.0; Win64; x64) AppleWebKit/537.36 (KHTML, like Gecko) Chrome/71.0.3578.98 Safari/537.36 OPR/58.0.3135.127"
::1 - - [28/Apr/2019:23:03:13 +0100] "GET / HTTP/1.1" 200 1277 "-" "Mozilla/5.0 (Windows NT 10.0; Win64; x64) AppleWebKit/537.36 (KHTML, like Gecko) Chrome/71.0.3578.98 Safari/537.36 OPR/58.0.3135.127"
::1 - - [28/Apr/2019:23:03:18 +0100] "GET /wordpress/ HTTP/1.1" 302 - "http://localhost:81/" "Mozilla/5.0 (Windows NT 10.0; Win64; x64) AppleWebKit/537.36 (KHTML, like Gecko) Chrome/71.0.3578.98 Safari/537.36 OPR/58.0.3135.127"
::1 - - [28/Apr/2019:23:03:18 +0100] "GET /wordpress/wp-admin/setup-config.php HTTP/1.1" 200 3825 "http://localhost:81/" "Mozilla/5.0 (Windows NT 10.0; Win64; x64) AppleWebKit/537.36 (KHTML, like Gecko) Chrome/71.0.3578.98 Safari/537.36 OPR/58.0.3135.127"
::1 - - [28/Apr/2019:23:03:21 +0100] "GET /wordpress/wp-admin/css/install.min.css?ver=5.1.1 HTTP/1.1" 200 2009 "http://localhost:81/wordpress/wp-admin/setup-config.php" "Mozilla/5.0 (Windows NT 10.0; Win64; x64) AppleWebKit/537.36 (KHTML, like Gecko) Chrome/71.0.3578.98 Safari/537.36 OPR/58.0.3135.127"
::1 - - [28/Apr/2019:23:03:21 +0100] "GET /wordpress/wp-includes/css/buttons.min.css?ver=5.1.1 HTTP/1.1" 200 1506 "http://localhost:81/wordpress/wp-admin/setup-config.php" "Mozilla/5.0 (Windows NT 10.0; Win64; x64) AppleWebKit/537.36 (KHTML, like Gecko) Chrome/71.0.3578.98 Safari/537.36 OPR/58.0.3135.127"
::1 - - [28/Apr/2019:23:03:21 +0100] "GET /wordpress/wp-admin/js/language-chooser.min.js?ver=5.1.1 HTTP/1.1" 200 240 "http://localhost:81/wordpress/wp-admin/setup-config.php" "Mozilla/5.0 (Windows NT 10.0; Win64; x64) AppleWebKit/537.36 (KHTML, like Gecko) Chrome/71.0.3578.98 Safari/537.36 OPR/58.0.3135.127"
::1 - - [28/Apr/2019:23:03:21 +0100] "GET /wordpress/wp-includes/js/jquery/jquery-migrate.min.js?ver=1.4.1 HTTP/1.1" 200 4014 "http://localhost:81/wordpress/wp-admin/setup-config.php" "Mozilla/5.0 (Windows NT 10.0; Win64; x64) AppleWebKit/537.36 (KHTML, like Gecko) Chrome/71.0.3578.98 Safari/537.36 OPR/58.0.3135.127"
::1 - - [28/Apr/2019:23:03:21 +0100] "GET /wordpress/wp-includes/js/jquery/jquery.js?ver=1.12.4 HTTP/1.1" 200 33702 "http://localhost:81/wordpress/wp-admin/setup-config.php" "Mozilla/5.0 (Windows NT 10.0; Win64; x64) AppleWebKit/537.36 (KHTML, like Gecko) Chrome/71.0.3578.98 Safari/537.36 OPR/58.0.3135.127"
::1 - - [28/Apr/2019:23:03:23 +0100] "GET /wordpress/wp-admin/images/wordpress-logo.svg?ver=20131107 HTTP/1.1" 200 818 "http://localhost:81/wordpress/wp-admin/css/install.min.css?ver=5.1.1" "Mozilla/5.0 (Windows NT 10.0; Win64; x64) AppleWebKit/537.36 (KHTML, like Gecko) Chrome/71.0.3578.98 Safari/537.36 OPR/58.0.3135.127"
::1 - - [28/Apr/2019:23:03:23 +0100] "GET /wordpress/wp-admin/images/spinner.gif HTTP/1.1" 200 3656 "http://localhost:81/wordpress/wp-admin/css/install.min.css?ver=5.1.1" "Mozilla/5.0 (Windows NT 10.0; Win64; x64) AppleWebKit/537.36 (KHTML, like Gecko) Chrome/71.0.3578.98 Safari/537.36 OPR/58.0.3135.127"
::1 - - [28/Apr/2019:23:03:28 +0100] "POST /wordpress/wp-admin/setup-config.php?step=0 HTTP/1.1" 200 1035 "http://localhost:81/wordpress/wp-admin/setup-config.php" "Mozilla/5.0 (Windows NT 10.0; Win64; x64) AppleWebKit/537.36 (KHTML, like Gecko) Chrome/71.0.3578.98 Safari/537.36 OPR/58.0.3135.127"
::1 - - [28/Apr/2019:23:03:42 +0100] "GET /wordpress/wp-admin/setup-config.php?step=1 HTTP/1.1" 200 1046 "http://localhost:81/wordpress/wp-admin/setup-config.php?step=0" "Mozilla/5.0 (Windows NT 10.0; Win64; x64) AppleWebKit/537.36 (KHTML, like Gecko) Chrome/71.0.3578.98 Safari/537.36 OPR/58.0.3135.127"
::1 - - [28/Apr/2019:23:03:43 +0100] "GET /wordpress/wp-admin/js/language-chooser.min.js?ver=5.1.1 HTTP/1.1" 200 240 "http://localhost:81/wordpress/wp-admin/setup-config.php?step=1" "Mozilla/5.0 (Windows NT 10.0; Win64; x64) AppleWebKit/537.36 (KHTML, like Gecko) Chrome/71.0.3578.98 Safari/537.36 OPR/58.0.3135.127"
::1 - - [28/Apr/2019:23:03:49 +0100] "POST /wordpress/wp-admin/setup-config.php?step=2 HTTP/1.1" 500 1476 "http://localhost:81/wordpress/wp-admin/setup-config.php?step=1" "Mozilla/5.0 (Windows NT 10.0; Win64; x64) AppleWebKit/537.36 (KHTML, like Gecko) Chrome/71.0.3578.98 Safari/537.36 OPR/58.0.3135.127"
::1 - - [28/Apr/2019:23:03:58 +0100] "POST /wordpress/wp-admin/setup-config.php?step=2 HTTP/1.1" 500 1476 "http://localhost:81/wordpress/wp-admin/setup-config.php?step=1" "Mozilla/5.0 (Windows NT 10.0; Win64; x64) AppleWebKit/537.36 (KHTML, like Gecko) Chrome/71.0.3578.98 Safari/537.36 OPR/58.0.3135.127"
::1 - - [28/Apr/2019:23:04:53 +0100] "-" 408 - "-" "-"
::1 - - [28/Apr/2019:23:05:00 +0100] "-" 408 - "-" "-"
::1 - - [28/Apr/2019:23:05:38 +0100] "GET /us_opt1/server_databases.php?server=1&token=8feeee907a533182cb19ad18fd1419e1&ajax_request=true&ajax_page_request=true&_nocache=155648913847044716 HTTP/1.1" 200 5643 "-" "Mozilla/5.0 (Windows NT 10.0; Win64; x64) AppleWebKit/537.36 (KHTML, like Gecko) Chrome/71.0.3578.98 Safari/537.36 OPR/58.0.3135.127"
::1 - - [28/Apr/2019:23:05:47 +0100] "POST /us_opt1/server_databases.php HTTP/1.1" 200 1719 "-" "Mozilla/5.0 (Windows NT 10.0; Win64; x64) AppleWebKit/537.36 (KHTML, like Gecko) Chrome/71.0.3578.98 Safari/537.36 OPR/58.0.3135.127"
::1 - - [28/Apr/2019:23:05:47 +0100] "GET /us_opt1/db_structure.php?db=testwordpress&token=8feeee907a533182cb19ad18fd1419e1&db=testwordpress&ajax_request=true&ajax_page_request=true&_nocache=155648914795029064 HTTP/1.1" 200 2735 "-" "Mozilla/5.0 (Windows NT 10.0; Win64; x64) AppleWebKit/537.36 (KHTML, like Gecko) Chrome/71.0.3578.98 Safari/537.36 OPR/58.0.3135.127"
::1 - - [28/Apr/2019:23:05:47 +0100] "POST /us_opt1/navigation.php?ajax_request=1&token=8feeee907a533182cb19ad18fd1419e1 HTTP/1.1" 200 2120 "-" "Mozilla/5.0 (Windows NT 10.0; Win64; x64) AppleWebKit/537.36 (KHTML, like Gecko) Chrome/71.0.3578.98 Safari/537.36 OPR/58.0.3135.127"
::1 - - [28/Apr/2019:23:05:48 +0100] "GET /us_opt1/navigation.php?ajax_request=1&token=8feeee907a533182cb19ad18fd1419e1&aPath=cm9vdA%3D%3D.dGVzdHdvcmRwcmVzcw%3D%3D&vPath=cm9vdA%3D%3D.dGVzdHdvcmRwcmVzcw%3D%3D&pos=0&pos2_name=&pos2_value=&searchClause=&searchClause2=&_nocache=1556489148386236801 HTTP/1.1" 200 1381 "-" "Mozilla/5.0 (Windows NT 10.0; Win64; x64) AppleWebKit/537.36 (KHTML, like Gecko) Chrome/71.0.3578.98 Safari/537.36 OPR/58.0.3135.127"
::1 - - [28/Apr/2019:23:05:52 +0100] "GET /wordpress/wp-admin/setup-config.php?step=1 HTTP/1.1" 200 1046 "http://localhost:81/wordpress/wp-admin/setup-config.php?step=0" "Mozilla/5.0 (Windows NT 10.0; Win64; x64) AppleWebKit/537.36 (KHTML, like Gecko) Chrome/71.0.3578.98 Safari/537.36 OPR/58.0.3135.127"
::1 - - [28/Apr/2019:23:05:53 +0100] "GET /wordpress/wp-admin/css/install.min.css?ver=5.1.1 HTTP/1.1" 200 2009 "http://localhost:81/wordpress/wp-admin/setup-config.php?step=1" "Mozilla/5.0 (Windows NT 10.0; Win64; x64) AppleWebKit/537.36 (KHTML, like Gecko) Chrome/71.0.3578.98 Safari/537.36 OPR/58.0.3135.127"
::1 - - [28/Apr/2019:23:05:53 +0100] "GET /wordpress/wp-includes/css/buttons.min.css?ver=5.1.1 HTTP/1.1" 200 1506 "http://localhost:81/wordpress/wp-admin/setup-config.php?step=1" "Mozilla/5.0 (Windows NT 10.0; Win64; x64) AppleWebKit/537.36 (KHTML, like Gecko) Chrome/71.0.3578.98 Safari/537.36 OPR/58.0.3135.127"
::1 - - [28/Apr/2019:23:05:53 +0100] "GET /wordpress/wp-admin/js/language-chooser.min.js?ver=5.1.1 HTTP/1.1" 200 240 "http://localhost:81/wordpress/wp-admin/setup-config.php?step=1" "Mozilla/5.0 (Windows NT 10.0; Win64; x64) AppleWebKit/537.36 (KHTML, like Gecko) Chrome/71.0.3578.98 Safari/537.36 OPR/58.0.3135.127"
::1 - - [28/Apr/2019:23:05:53 +0100] "GET /wordpress/wp-includes/js/jquery/jquery-migrate.min.js?ver=1.4.1 HTTP/1.1" 200 4014 "http://localhost:81/wordpress/wp-admin/setup-config.php?step=1" "Mozilla/5.0 (Windows NT 10.0; Win64; x64) AppleWebKit/537.36 (KHTML, like Gecko) Chrome/71.0.3578.98 Safari/537.36 OPR/58.0.3135.127"
::1 - - [28/Apr/2019:23:05:53 +0100] "GET /wordpress/wp-includes/js/jquery/jquery.js?ver=1.12.4 HTTP/1.1" 200 33702 "http://localhost:81/wordpress/wp-admin/setup-config.php?step=1" "Mozilla/5.0 (Windows NT 10.0; Win64; x64) AppleWebKit/537.36 (KHTML, like Gecko) Chrome/71.0.3578.98 Safari/537.36 OPR/58.0.3135.127"
::1 - - [28/Apr/2019:23:05:53 +0100] "GET /wordpress/wp-admin/images/wordpress-logo.svg?ver=20131107 HTTP/1.1" 200 818 "http://localhost:81/wordpress/wp-admin/css/install.min.css?ver=5.1.1" "Mozilla/5.0 (Windows NT 10.0; Win64; x64) AppleWebKit/537.36 (KHTML, like Gecko) Chrome/71.0.3578.98 Safari/537.36 OPR/58.0.3135.127"
::1 - - [28/Apr/2019:23:05:53 +0100] "GET /favicon.ico HTTP/1.1" 200 584 "http://localhost:81/wordpress/wp-admin/setup-config.php?step=1" "Mozilla/5.0 (Windows NT 10.0; Win64; x64) AppleWebKit/537.36 (KHTML, like Gecko) Chrome/71.0.3578.98 Safari/537.36 OPR/58.0.3135.127"
::1 - - [28/Apr/2019:23:06:01 +0100] "POST /wordpress/wp-admin/setup-config.php?step=2 HTTP/1.1" 500 1476 "http://localhost:81/wordpress/wp-admin/setup-config.php?step=1" "Mozilla/5.0 (Windows NT 10.0; Win64; x64) AppleWebKit/537.36 (KHTML, like Gecko) Chrome/71.0.3578.98 Safari/537.36 OPR/58.0.3135.127"
::1 - - [28/Apr/2019:23:07:01 +0100] "-" 408 - "-" "-"
::1 - - [28/Apr/2019:23:07:08 +0100] "-" 408 - "-" "-"
::1 - - [28/Apr/2019:23:09:41 +0100] "POST /wordpress/wp-admin/setup-config.php?step=2 HTTP/1.1" 500 1476 "http://localhost:81/wordpress/wp-admin/setup-config.php?step=1" "Mozilla/5.0 (Windows NT 10.0; Win64; x64) AppleWebKit/537.36 (KHTML, like Gecko) Chrome/71.0.3578.98 Safari/537.36 OPR/58.0.3135.127"
::1 - - [28/Apr/2019:23:10:41 +0100] "-" 408 - "-" "-"
::1 - - [28/Apr/2019:23:10:50 +0100] "-" 408 - "-" "-"
::1 - - [28/Apr/2019:23:10:52 +0100] "POST /wordpress/wp-admin/setup-config.php?step=2 HTTP/1.1" 500 1476 "http://localhost:81/wordpress/wp-admin/setup-config.php?step=1" "Mozilla/5.0 (Windows NT 10.0; Win64; x64) AppleWebKit/537.36 (KHTML, like Gecko) Chrome/71.0.3578.98 Safari/537.36 OPR/58.0.3135.127"
::1 - - [28/Apr/2019:23:10:58 +0100] "POST /wordpress/wp-admin/setup-config.php?step=2 HTTP/1.1" 500 1476 "http://localhost:81/wordpress/wp-admin/setup-config.php?step=1" "Mozilla/5.0 (Windows NT 10.0; Win64; x64) AppleWebKit/537.36 (KHTML, like Gecko) Chrome/71.0.3578.98 Safari/537.36 OPR/58.0.3135.127"
::1 - - [28/Apr/2019:23:11:29 +0100] "POST /wordpress/wp-admin/setup-config.php?step=2 HTTP/1.1" 500 1476 "http://localhost:81/wordpress/wp-admin/setup-config.php?step=1" "Mozilla/5.0 (Windows NT 10.0; Win64; x64) AppleWebKit/537.36 (KHTML, like Gecko) Chrome/71.0.3578.98 Safari/537.36 OPR/58.0.3135.127"
::1 - - [28/Apr/2019:23:13:21 +0100] "-" 408 - "-" "-"
::1 - - [28/Apr/2019:23:13:21 +0100] "-" 408 - "-" "-"
