2019-04-27 00:19:17 19680 [Note] Plugin 'FEDERATED' is disabled.
2019-04-27 00:19:17 19680 [Note] InnoDB: Using atomics to ref count buffer pool pages
2019-04-27 00:19:17 19680 [Note] InnoDB: The InnoDB memory heap is disabled
2019-04-27 00:19:17 19680 [Note] InnoDB: Mutexes and rw_locks use Windows interlocked functions
2019-04-27 00:19:17 19680 [Note] InnoDB: Memory barrier is not used
2019-04-27 00:19:17 19680 [Note] InnoDB: Compressed tables use zlib 1.2.3
2019-04-27 00:19:17 19680 [Note] InnoDB: Not using CPU crc32 instructions
2019-04-27 00:19:17 19680 [Note] InnoDB: Initializing buffer pool, size = 32.0M
2019-04-27 00:19:17 19680 [Note] InnoDB: Completed initialization of buffer pool
2019-04-27 00:19:17 19680 [Note] InnoDB: Highest supported file format is Barracuda.
2019-04-27 00:19:17 19680 [Note] InnoDB: 128 rollback segment(s) are active.
2019-04-27 00:19:17 19680 [Note] InnoDB: Waiting for purge to start
2019-04-27 00:19:17 19680 [Note] InnoDB: 5.6.35 started; log sequence number 1771182
2019-04-27 00:19:17 19680 [Warning] No existing UUID has been found, so we assume that this is the first time that this server has been started. Generating a new UUID: b6d2803f-6879-11e9-8c20-18dbf202c028.
2019-04-27 00:19:18 19680 [Note] Server hostname (bind-address): '127.0.0.1'; port: 3307
2019-04-27 00:19:18 19680 [Note]   - '127.0.0.1' resolves to '127.0.0.1';
2019-04-27 00:19:18 19680 [Note] Server socket created on IP: '127.0.0.1'.
2019-04-27 00:19:18 19680 [Note] Event Scheduler: Loaded 0 events
2019-04-27 00:19:18 19680 [Note] C:\UniServerZ\core\mysql\bin\mysqld_z.exe: ready for connections.
Version: '5.6.35'  socket: ''  port: 3307  MySQL Community Server (GPL)
2019-04-27 00:19:24 19680 [Note] C:\UniServerZ\core\mysql\bin\mysqld_z.exe: Normal shutdown

2019-04-27 00:19:24 19680 [Note] Giving 0 client threads a chance to die gracefully
2019-04-27 00:19:24 19680 [Note] Event Scheduler: Purging the queue. 0 events
2019-04-27 00:19:24 19680 [Note] Shutting down slave threads
2019-04-27 00:19:24 19680 [Note] Forcefully disconnecting 0 remaining clients
2019-04-27 00:19:24 19680 [Note] Binlog end
2019-04-27 00:19:24 19680 [Note] Shutting down plugin 'partition'
2019-04-27 00:19:24 19680 [Note] Shutting down plugin 'PERFORMANCE_SCHEMA'
2019-04-27 00:19:24 19680 [Note] Shutting down plugin 'INNODB_SYS_DATAFILES'
2019-04-27 00:19:24 19680 [Note] Shutting down plugin 'INNODB_SYS_TABLESPACES'
2019-04-27 00:19:24 19680 [Note] Shutting down plugin 'INNODB_SYS_FOREIGN_COLS'
2019-04-27 00:19:24 19680 [Note] Shutting down plugin 'INNODB_SYS_FOREIGN'
2019-04-27 00:19:24 19680 [Note] Shutting down plugin 'INNODB_SYS_FIELDS'
2019-04-27 00:19:24 19680 [Note] Shutting down plugin 'INNODB_SYS_COLUMNS'
2019-04-27 00:19:24 19680 [Note] Shutting down plugin 'INNODB_SYS_INDEXES'
2019-04-27 00:19:24 19680 [Note] Shutting down plugin 'INNODB_SYS_TABLESTATS'
2019-04-27 00:19:24 19680 [Note] Shutting down plugin 'INNODB_SYS_TABLES'
2019-04-27 00:19:24 19680 [Note] Shutting down plugin 'INNODB_FT_INDEX_TABLE'
2019-04-27 00:19:24 19680 [Note] Shutting down plugin 'INNODB_FT_INDEX_CACHE'
2019-04-27 00:19:24 19680 [Note] Shutting down plugin 'INNODB_FT_CONFIG'
2019-04-27 00:19:24 19680 [Note] Shutting down plugin 'INNODB_FT_BEING_DELETED'
2019-04-27 00:19:24 19680 [Note] Shutting down plugin 'INNODB_FT_DELETED'
2019-04-27 00:19:24 19680 [Note] Shutting down plugin 'INNODB_FT_DEFAULT_STOPWORD'
2019-04-27 00:19:24 19680 [Note] Shutting down plugin 'INNODB_METRICS'
2019-04-27 00:19:24 19680 [Note] Shutting down plugin 'INNODB_BUFFER_POOL_STATS'
2019-04-27 00:19:24 19680 [Note] Shutting down plugin 'INNODB_BUFFER_PAGE_LRU'
2019-04-27 00:19:24 19680 [Note] Shutting down plugin 'INNODB_BUFFER_PAGE'
2019-04-27 00:19:24 19680 [Note] Shutting down plugin 'INNODB_CMP_PER_INDEX_RESET'
2019-04-27 00:19:24 19680 [Note] Shutting down plugin 'INNODB_CMP_PER_INDEX'
2019-04-27 00:19:24 19680 [Note] Shutting down plugin 'INNODB_CMPMEM_RESET'
2019-04-27 00:19:24 19680 [Note] Shutting down plugin 'INNODB_CMPMEM'
2019-04-27 00:19:24 19680 [Note] Shutting down plugin 'INNODB_CMP_RESET'
2019-04-27 00:19:24 19680 [Note] Shutting down plugin 'INNODB_CMP'
2019-04-27 00:19:24 19680 [Note] Shutting down plugin 'INNODB_LOCK_WAITS'
2019-04-27 00:19:24 19680 [Note] Shutting down plugin 'INNODB_LOCKS'
2019-04-27 00:19:24 19680 [Note] Shutting down plugin 'INNODB_TRX'
2019-04-27 00:19:24 19680 [Note] Shutting down plugin 'InnoDB'
2019-04-27 00:19:24 19680 [Note] InnoDB: FTS optimize thread exiting.
2019-04-27 00:19:24 19680 [Note] InnoDB: Starting shutdown...
2019-04-27 00:19:25 19680 [Note] InnoDB: Shutdown completed; log sequence number 1771192
2019-04-27 00:19:25 19680 [Note] Shutting down plugin 'BLACKHOLE'
2019-04-27 00:19:25 19680 [Note] Shutting down plugin 'ARCHIVE'
2019-04-27 00:19:25 19680 [Note] Shutting down plugin 'MRG_MYISAM'
2019-04-27 00:19:25 19680 [Note] Shutting down plugin 'MyISAM'
2019-04-27 00:19:25 19680 [Note] Shutting down plugin 'MEMORY'
2019-04-27 00:19:25 19680 [Note] Shutting down plugin 'CSV'
2019-04-27 00:19:25 19680 [Note] Shutting down plugin 'sha256_password'
2019-04-27 00:19:25 19680 [Note] Shutting down plugin 'mysql_old_password'
2019-04-27 00:19:25 19680 [Note] Shutting down plugin 'mysql_native_password'
2019-04-27 00:19:25 19680 [Note] Shutting down plugin 'binlog'
2019-04-27 00:19:25 19680 [Note] C:\UniServerZ\core\mysql\bin\mysqld_z.exe: Shutdown complete

2019-04-27 00:20:35 31404 [Note] Plugin 'FEDERATED' is disabled.
2019-04-27 00:20:35 31404 [Note] InnoDB: Using atomics to ref count buffer pool pages
2019-04-27 00:20:35 31404 [Note] InnoDB: The InnoDB memory heap is disabled
2019-04-27 00:20:35 31404 [Note] InnoDB: Mutexes and rw_locks use Windows interlocked functions
2019-04-27 00:20:35 31404 [Note] InnoDB: Memory barrier is not used
2019-04-27 00:20:35 31404 [Note] InnoDB: Compressed tables use zlib 1.2.3
2019-04-27 00:20:35 31404 [Note] InnoDB: Not using CPU crc32 instructions
2019-04-27 00:20:35 31404 [Note] InnoDB: Initializing buffer pool, size = 32.0M
2019-04-27 00:20:35 31404 [Note] InnoDB: Completed initialization of buffer pool
2019-04-27 00:20:35 31404 [Note] InnoDB: Highest supported file format is Barracuda.
2019-04-27 00:20:40 31404 [Note] InnoDB: 128 rollback segment(s) are active.
2019-04-27 00:20:40 31404 [Note] InnoDB: Waiting for purge to start
2019-04-27 00:20:40 31404 [Note] InnoDB: 5.6.35 started; log sequence number 1771192
2019-04-27 00:20:40 31404 [Note] Server hostname (bind-address): '127.0.0.1'; port: 3307
2019-04-27 00:20:40 31404 [Note]   - '127.0.0.1' resolves to '127.0.0.1';
2019-04-27 00:20:40 31404 [Note] Server socket created on IP: '127.0.0.1'.
2019-04-27 00:20:40 31404 [Note] Event Scheduler: Loaded 0 events
2019-04-27 00:20:40 31404 [Note] C:\UniServerZ\core\mysql\bin\mysqld_z.exe: ready for connections.
Version: '5.6.35'  socket: ''  port: 3307  MySQL Community Server (GPL)
2019-04-28 23:02:02 31404 [Note] C:\UniServerZ\core\mysql\bin\mysqld_z.exe: Normal shutdown

2019-04-28 23:02:02 31404 [Note] Giving 0 client threads a chance to die gracefully
2019-04-28 23:02:02 31404 [Note] Event Scheduler: Purging the queue. 0 events
2019-04-28 23:02:02 31404 [Note] Shutting down slave threads
2019-04-28 23:02:02 31404 [Note] Forcefully disconnecting 0 remaining clients
2019-04-28 23:02:02 31404 [Note] Binlog end
2019-04-28 23:02:02 31404 [Note] Shutting down plugin 'partition'
2019-04-28 23:02:02 31404 [Note] Shutting down plugin 'PERFORMANCE_SCHEMA'
2019-04-28 23:02:02 31404 [Note] Shutting down plugin 'INNODB_SYS_DATAFILES'
2019-04-28 23:02:02 31404 [Note] Shutting down plugin 'INNODB_SYS_TABLESPACES'
2019-04-28 23:02:02 31404 [Note] Shutting down plugin 'INNODB_SYS_FOREIGN_COLS'
2019-04-28 23:02:02 31404 [Note] Shutting down plugin 'INNODB_SYS_FOREIGN'
2019-04-28 23:02:02 31404 [Note] Shutting down plugin 'INNODB_SYS_FIELDS'
2019-04-28 23:02:02 31404 [Note] Shutting down plugin 'INNODB_SYS_COLUMNS'
2019-04-28 23:02:02 31404 [Note] Shutting down plugin 'INNODB_SYS_INDEXES'
2019-04-28 23:02:02 31404 [Note] Shutting down plugin 'INNODB_SYS_TABLESTATS'
2019-04-28 23:02:02 31404 [Note] Shutting down plugin 'INNODB_SYS_TABLES'
2019-04-28 23:02:02 31404 [Note] Shutting down plugin 'INNODB_FT_INDEX_TABLE'
2019-04-28 23:02:02 31404 [Note] Shutting down plugin 'INNODB_FT_INDEX_CACHE'
2019-04-28 23:02:02 31404 [Note] Shutting down plugin 'INNODB_FT_CONFIG'
2019-04-28 23:02:02 31404 [Note] Shutting down plugin 'INNODB_FT_BEING_DELETED'
2019-04-28 23:02:02 31404 [Note] Shutting down plugin 'INNODB_FT_DELETED'
2019-04-28 23:02:02 31404 [Note] Shutting down plugin 'INNODB_FT_DEFAULT_STOPWORD'
2019-04-28 23:02:02 31404 [Note] Shutting down plugin 'INNODB_METRICS'
2019-04-28 23:02:02 31404 [Note] Shutting down plugin 'INNODB_BUFFER_POOL_STATS'
2019-04-28 23:02:02 31404 [Note] Shutting down plugin 'INNODB_BUFFER_PAGE_LRU'
2019-04-28 23:02:02 31404 [Note] Shutting down plugin 'INNODB_BUFFER_PAGE'
2019-04-28 23:02:02 31404 [Note] Shutting down plugin 'INNODB_CMP_PER_INDEX_RESET'
2019-04-28 23:02:02 31404 [Note] Shutting down plugin 'INNODB_CMP_PER_INDEX'
2019-04-28 23:02:02 31404 [Note] Shutting down plugin 'INNODB_CMPMEM_RESET'
2019-04-28 23:02:02 31404 [Note] Shutting down plugin 'INNODB_CMPMEM'
2019-04-28 23:02:02 31404 [Note] Shutting down plugin 'INNODB_CMP_RESET'
2019-04-28 23:02:02 31404 [Note] Shutting down plugin 'INNODB_CMP'
2019-04-28 23:02:02 31404 [Note] Shutting down plugin 'INNODB_LOCK_WAITS'
2019-04-28 23:02:02 31404 [Note] Shutting down plugin 'INNODB_LOCKS'
2019-04-28 23:02:02 31404 [Note] Shutting down plugin 'INNODB_TRX'
2019-04-28 23:02:02 31404 [Note] Shutting down plugin 'InnoDB'
2019-04-28 23:02:02 31404 [Note] InnoDB: FTS optimize thread exiting.
2019-04-28 23:02:02 31404 [Note] InnoDB: Starting shutdown...
2019-04-28 23:02:04 31404 [Note] InnoDB: Shutdown completed; log sequence number 1771202
2019-04-28 23:02:04 31404 [Note] Shutting down plugin 'BLACKHOLE'
2019-04-28 23:02:04 31404 [Note] Shutting down plugin 'ARCHIVE'
2019-04-28 23:02:04 31404 [Note] Shutting down plugin 'MRG_MYISAM'
2019-04-28 23:02:04 31404 [Note] Shutting down plugin 'MyISAM'
2019-04-28 23:02:04 31404 [Note] Shutting down plugin 'MEMORY'
2019-04-28 23:02:04 31404 [Note] Shutting down plugin 'CSV'
2019-04-28 23:02:04 31404 [Note] Shutting down plugin 'sha256_password'
2019-04-28 23:02:04 31404 [Note] Shutting down plugin 'mysql_old_password'
2019-04-28 23:02:04 31404 [Note] Shutting down plugin 'mysql_native_password'
2019-04-28 23:02:04 31404 [Note] Shutting down plugin 'binlog'
2019-04-28 23:02:04 31404 [Note] C:\UniServerZ\core\mysql\bin\mysqld_z.exe: Shutdown complete

2019-04-28 23:02:07 27312 [Note] Plugin 'FEDERATED' is disabled.
2019-04-28 23:02:07 27312 [Note] InnoDB: Using atomics to ref count buffer pool pages
2019-04-28 23:02:07 27312 [Note] InnoDB: The InnoDB memory heap is disabled
2019-04-28 23:02:07 27312 [Note] InnoDB: Mutexes and rw_locks use Windows interlocked functions
2019-04-28 23:02:07 27312 [Note] InnoDB: Memory barrier is not used
2019-04-28 23:02:07 27312 [Note] InnoDB: Compressed tables use zlib 1.2.3
2019-04-28 23:02:07 27312 [Note] InnoDB: Not using CPU crc32 instructions
2019-04-28 23:02:07 27312 [Note] InnoDB: Initializing buffer pool, size = 32.0M
2019-04-28 23:02:07 27312 [Note] InnoDB: Completed initialization of buffer pool
2019-04-28 23:02:07 27312 [Note] InnoDB: Highest supported file format is Barracuda.
2019-04-28 23:02:08 27312 [Note] InnoDB: 128 rollback segment(s) are active.
2019-04-28 23:02:08 27312 [Note] InnoDB: Waiting for purge to start
2019-04-28 23:02:08 27312 [Note] InnoDB: 5.6.35 started; log sequence number 1771202
2019-04-28 23:02:08 27312 [Note] Server hostname (bind-address): '127.0.0.1'; port: 3307
2019-04-28 23:02:08 27312 [Note]   - '127.0.0.1' resolves to '127.0.0.1';
2019-04-28 23:02:08 27312 [Note] Server socket created on IP: '127.0.0.1'.
2019-04-28 23:02:10 27312 [Note] Event Scheduler: Loaded 0 events
2019-04-28 23:02:10 27312 [Note] C:\UniServerZ\core\mysql\bin\mysqld_z.exe: ready for connections.
Version: '5.6.35'  socket: ''  port: 3307  MySQL Community Server (GPL)
